  level_editor.cpp
C:\Users\david.bang\Documents\CPP\Arkanoid\Arkanoid\include\level_editor.cpp(91,22): warning C4244: 'initializing': conversion from 'float' to 'int', possible loss of data
C:\Users\david.bang\Documents\CPP\Arkanoid\Arkanoid\include\level_editor.cpp(92,22): warning C4244: 'initializing': conversion from 'float' to 'int', possible loss of data
  main.cpp
C:\Users\david.bang\Documents\CPP\Arkanoid\Arkanoid\include\game.h(47,1): warning C4267: 'initializing': conversion from 'size_t' to 'int', possible loss of data
C:\Users\david.bang\Documents\CPP\Arkanoid\Arkanoid\include\game.h(55,18): warning C4244: 'return': conversion from 'double' to 'float', possible loss of data
C:\Users\david.bang\Documents\CPP\Arkanoid\Arkanoid\include\game.h(60,25): warning C4244: 'initializing': conversion from 'float' to 'unsigned char', possible loss of data
C:\Users\david.bang\Documents\CPP\Arkanoid\Arkanoid\include\game.h(61,25): warning C4244: 'initializing': conversion from 'float' to 'unsigned char', possible loss of data
C:\Users\david.bang\Documents\CPP\Arkanoid\Arkanoid\include\game.h(62,25): warning C4244: 'initializing': conversion from 'float' to 'unsigned char', possible loss of data
C:\Users\david.bang\Documents\CPP\Arkanoid\Arkanoid\include\game.h(74,25): warning C4244: 'initializing': conversion from 'float' to 'unsigned char', possible loss of data
C:\Users\david.bang\Documents\CPP\Arkanoid\Arkanoid\include\game.h(75,25): warning C4244: 'initializing': conversion from 'float' to 'unsigned char', possible loss of data
C:\Users\david.bang\Documents\CPP\Arkanoid\Arkanoid\include\game.h(76,25): warning C4244: 'initializing': conversion from 'float' to 'unsigned char', possible loss of data
C:\Users\david.bang\Documents\CPP\Arkanoid\Arkanoid\include\game.h(88,25): warning C4244: 'initializing': conversion from 'float' to 'unsigned char', possible loss of data
C:\Users\david.bang\Documents\CPP\Arkanoid\Arkanoid\include\game.h(89,25): warning C4244: 'initializing': conversion from 'float' to 'unsigned char', possible loss of data
C:\Users\david.bang\Documents\CPP\Arkanoid\Arkanoid\include\game.h(90,25): warning C4244: 'initializing': conversion from 'float' to 'unsigned char', possible loss of data
C:\Users\david.bang\Documents\CPP\Arkanoid\Arkanoid\main.cpp(17,43): warning C4838: conversion from 'int' to 'float' requires a narrowing conversion
C:\Users\david.bang\Documents\CPP\Arkanoid\Arkanoid\main.cpp(17,43): warning C4244: 'initializing': conversion from 'int' to 'float', possible loss of data
C:\Users\david.bang\Documents\CPP\Arkanoid\Arkanoid\main.cpp(18,45): warning C4838: conversion from 'int' to 'float' requires a narrowing conversion
C:\Users\david.bang\Documents\CPP\Arkanoid\Arkanoid\main.cpp(18,45): warning C4244: 'initializing': conversion from 'int' to 'float', possible loss of data
C:\Users\david.bang\Documents\CPP\Arkanoid\Arkanoid\main.cpp(19,43): warning C4838: conversion from 'int' to 'float' requires a narrowing conversion
C:\Users\david.bang\Documents\CPP\Arkanoid\Arkanoid\main.cpp(19,43): warning C4244: 'initializing': conversion from 'int' to 'float', possible loss of data
C:\Users\david.bang\Documents\CPP\Arkanoid\Arkanoid\main.cpp(21,60): warning C4244: 'argument': conversion from 'float' to 'int', possible loss of data
C:\Users\david.bang\Documents\CPP\Arkanoid\Arkanoid\main.cpp(21,41): warning C4244: 'argument': conversion from 'float' to 'int', possible loss of data
C:\Users\david.bang\Documents\CPP\Arkanoid\Arkanoid\main.cpp(23,64): warning C4244: 'argument': conversion from 'float' to 'int', possible loss of data
C:\Users\david.bang\Documents\CPP\Arkanoid\Arkanoid\main.cpp(23,43): warning C4244: 'argument': conversion from 'float' to 'int', possible loss of data
C:\Users\david.bang\Documents\CPP\Arkanoid\Arkanoid\main.cpp(25,60): warning C4244: 'argument': conversion from 'float' to 'int', possible loss of data
C:\Users\david.bang\Documents\CPP\Arkanoid\Arkanoid\main.cpp(25,41): warning C4244: 'argument': conversion from 'float' to 'int', possible loss of data
C:\Users\david.bang\Documents\CPP\Arkanoid\Arkanoid\main.cpp(27,46): warning C4244: 'argument': conversion from 'float' to 'int', possible loss of data
C:\Users\david.bang\Documents\CPP\Arkanoid\Arkanoid\main.cpp(27,32): warning C4244: 'argument': conversion from 'float' to 'int', possible loss of data
C:\Users\david.bang\Documents\CPP\Arkanoid\Arkanoid\main.cpp(28,52): warning C4244: 'argument': conversion from 'float' to 'int', possible loss of data
C:\Users\david.bang\Documents\CPP\Arkanoid\Arkanoid\main.cpp(28,36): warning C4244: 'argument': conversion from 'float' to 'int', possible loss of data
C:\Users\david.bang\Documents\CPP\Arkanoid\Arkanoid\main.cpp(29,46): warning C4244: 'argument': conversion from 'float' to 'int', possible loss of data
C:\Users\david.bang\Documents\CPP\Arkanoid\Arkanoid\main.cpp(29,32): warning C4244: 'argument': conversion from 'float' to 'int', possible loss of data
  ball.cpp
C:\Users\david.bang\Documents\CPP\Arkanoid\Arkanoid\src\ball.cpp(27,32): warning C4244: 'argument': conversion from 'float' to 'int', possible loss of data
C:\Users\david.bang\Documents\CPP\Arkanoid\Arkanoid\src\ball.cpp(41,34): warning C4244: 'argument': conversion from 'float' to 'int', possible loss of data
  brick.cpp
  collision.cpp
C:\Users\david.bang\Documents\CPP\Arkanoid\Arkanoid\src\collision.cpp(83,14): warning C4244: '=': conversion from 'int' to 'float', possible loss of data
C:\Users\david.bang\Documents\CPP\Arkanoid\Arkanoid\src\collision.cpp(84,14): warning C4244: '=': conversion from 'int' to 'float', possible loss of data
C:\Users\david.bang\Documents\CPP\Arkanoid\Arkanoid\src\collision.cpp(85,14): warning C4244: '=': conversion from 'int' to 'float', possible loss of data
C:\Users\david.bang\Documents\CPP\Arkanoid\Arkanoid\src\collision.cpp(86,14): warning C4244: '=': conversion from 'int' to 'float', possible loss of data
C:\Users\david.bang\Documents\CPP\Arkanoid\Arkanoid\src\collision.cpp(104,48): warning C4244: 'argument': conversion from 'const float' to 'int', possible loss of data
C:\Users\david.bang\Documents\CPP\Arkanoid\Arkanoid\src\collision.cpp(104,36): warning C4244: 'argument': conversion from 'const float' to 'int', possible loss of data
C:\Users\david.bang\Documents\CPP\Arkanoid\Arkanoid\src\collision.cpp(104,28): warning C4244: 'argument': conversion from 'const float' to 'int', possible loss of data
C:\Users\david.bang\Documents\CPP\Arkanoid\Arkanoid\src\collision.cpp(104,20): warning C4244: 'argument': conversion from 'const float' to 'int', possible loss of data
  CollisionComponent.cpp
  editor_brick.cpp
  entity.cpp
  game.cpp
C:\Users\david.bang\Documents\CPP\Arkanoid\Arkanoid\include\game.h(47,1): warning C4267: 'initializing': conversion from 'size_t' to 'int', possible loss of data
C:\Users\david.bang\Documents\CPP\Arkanoid\Arkanoid\include\game.h(55,18): warning C4244: 'return': conversion from 'double' to 'float', possible loss of data
C:\Users\david.bang\Documents\CPP\Arkanoid\Arkanoid\include\game.h(60,25): warning C4244: 'initializing': conversion from 'float' to 'unsigned char', possible loss of data
C:\Users\david.bang\Documents\CPP\Arkanoid\Arkanoid\include\game.h(61,25): warning C4244: 'initializing': conversion from 'float' to 'unsigned char', possible loss of data
C:\Users\david.bang\Documents\CPP\Arkanoid\Arkanoid\include\game.h(62,25): warning C4244: 'initializing': conversion from 'float' to 'unsigned char', possible loss of data
C:\Users\david.bang\Documents\CPP\Arkanoid\Arkanoid\include\game.h(74,25): warning C4244: 'initializing': conversion from 'float' to 'unsigned char', possible loss of data
C:\Users\david.bang\Documents\CPP\Arkanoid\Arkanoid\include\game.h(75,25): warning C4244: 'initializing': conversion from 'float' to 'unsigned char', possible loss of data
C:\Users\david.bang\Documents\CPP\Arkanoid\Arkanoid\include\game.h(76,25): warning C4244: 'initializing': conversion from 'float' to 'unsigned char', possible loss of data
C:\Users\david.bang\Documents\CPP\Arkanoid\Arkanoid\include\game.h(88,25): warning C4244: 'initializing': conversion from 'float' to 'unsigned char', possible loss of data
C:\Users\david.bang\Documents\CPP\Arkanoid\Arkanoid\include\game.h(89,25): warning C4244: 'initializing': conversion from 'float' to 'unsigned char', possible loss of data
C:\Users\david.bang\Documents\CPP\Arkanoid\Arkanoid\include\game.h(90,25): warning C4244: 'initializing': conversion from 'float' to 'unsigned char', possible loss of data
C:\Users\david.bang\Documents\CPP\Arkanoid\Arkanoid\src\game.cpp(83,22): warning C4244: 'initializing': conversion from 'float' to 'int', possible loss of data
C:\Users\david.bang\Documents\CPP\Arkanoid\Arkanoid\src\game.cpp(84,22): warning C4244: 'initializing': conversion from 'float' to 'int', possible loss of data
C:\Users\david.bang\Documents\CPP\Arkanoid\Arkanoid\src\game.cpp(330,32): warning C4244: '+=': conversion from 'double' to 'float', possible loss of data
C:\Users\david.bang\Documents\CPP\Arkanoid\Arkanoid\src\game.cpp(333,27): warning C4244: 'argument': conversion from 'double' to 'float', possible loss of data
C:\Users\david.bang\Documents\CPP\Arkanoid\Arkanoid\src\game.cpp(351,100): warning C4244: 'argument': conversion from 'float' to 'int', possible loss of data
C:\Users\david.bang\Documents\CPP\Arkanoid\Arkanoid\src\game.cpp(351,80): warning C4244: 'argument': conversion from 'float' to 'int', possible loss of data
C:\Users\david.bang\Documents\CPP\Arkanoid\Arkanoid\src\game.cpp(351,64): warning C4244: 'argument': conversion from 'float' to 'int', possible loss of data
C:\Users\david.bang\Documents\CPP\Arkanoid\Arkanoid\src\game.cpp(351,48): warning C4244: 'argument': conversion from 'float' to 'int', possible loss of data
  input.cpp
  PhysicsComponent.cpp
C:\Users\david.bang\Documents\CPP\Arkanoid\Arkanoid\src\PhysicsComponent.cpp(28,36): warning C4244: 'argument': conversion from 'double' to 'float', possible loss of data
C:\Users\david.bang\Documents\CPP\Arkanoid\Arkanoid\src\PhysicsComponent.cpp(28,19): warning C4244: 'argument': conversion from 'double' to 'float', possible loss of data
C:\Users\david.bang\Documents\CPP\Arkanoid\Arkanoid\src\PhysicsComponent.cpp(33,48): warning C4244: 'argument': conversion from 'double' to 'float', possible loss of data
C:\Users\david.bang\Documents\CPP\Arkanoid\Arkanoid\src\PhysicsComponent.cpp(33,31): warning C4244: 'argument': conversion from 'double' to 'float', possible loss of data
  player.cpp
  RenderComponent.cpp
C:\Users\david.bang\Documents\CPP\Arkanoid\Arkanoid\src\RenderComponent.cpp(31,27): warning C4838: conversion from 'double' to 'float' requires a narrowing conversion
C:\Users\david.bang\Documents\CPP\Arkanoid\Arkanoid\src\RenderComponent.cpp(31,27): warning C4244: 'initializing': conversion from 'double' to 'float', possible loss of data
C:\Users\david.bang\Documents\CPP\Arkanoid\Arkanoid\src\RenderComponent.cpp(31,55): warning C4838: conversion from 'double' to 'float' requires a narrowing conversion
C:\Users\david.bang\Documents\CPP\Arkanoid\Arkanoid\src\RenderComponent.cpp(31,55): warning C4244: 'initializing': conversion from 'double' to 'float', possible loss of data
C:\Users\david.bang\Documents\CPP\Arkanoid\Arkanoid\src\RenderComponent.cpp(39,59): warning C4244: 'argument': conversion from 'float' to 'int', possible loss of data
C:\Users\david.bang\Documents\CPP\Arkanoid\Arkanoid\src\RenderComponent.cpp(39,47): warning C4244: 'argument': conversion from 'float' to 'int', possible loss of data
C:\Users\david.bang\Documents\CPP\Arkanoid\Arkanoid\src\RenderComponent.cpp(39,39): warning C4244: 'argument': conversion from 'float' to 'int', possible loss of data
C:\Users\david.bang\Documents\CPP\Arkanoid\Arkanoid\src\RenderComponent.cpp(39,31): warning C4244: 'argument': conversion from 'float' to 'int', possible loss of data
C:\Users\david.bang\Documents\CPP\Arkanoid\Arkanoid\src\RenderComponent.cpp(45,59): warning C4244: 'argument': conversion from 'float' to 'int', possible loss of data
C:\Users\david.bang\Documents\CPP\Arkanoid\Arkanoid\src\RenderComponent.cpp(45,47): warning C4244: 'argument': conversion from 'float' to 'int', possible loss of data
C:\Users\david.bang\Documents\CPP\Arkanoid\Arkanoid\src\RenderComponent.cpp(45,39): warning C4244: 'argument': conversion from 'float' to 'int', possible loss of data
C:\Users\david.bang\Documents\CPP\Arkanoid\Arkanoid\src\RenderComponent.cpp(45,31): warning C4244: 'argument': conversion from 'float' to 'int', possible loss of data
  Generating code
  Previous IPDB not found, fall back to full compilation.
  All 1643 functions were compiled because no usable IPDB/IOBJ from previous compilation was found.
  Finished generating code
  Arkanoid.vcxproj -> C:\Users\david.bang\Documents\CPP\Arkanoid\x64\Release\Arkanoid.exe
