d:\documents\!schoolstuff\futuregames\cpp\arkanoid\arkanoid\x64\debug\vc143.pdb
d:\documents\!schoolstuff\futuregames\cpp\arkanoid\arkanoid\x64\debug\vc143.idb
d:\documents\!schoolstuff\futuregames\cpp\arkanoid\arkanoid\x64\debug\player.obj
d:\documents\!schoolstuff\futuregames\cpp\arkanoid\arkanoid\x64\debug\physicscomponent.obj
d:\documents\!schoolstuff\futuregames\cpp\arkanoid\arkanoid\x64\debug\entity.obj
d:\documents\!schoolstuff\futuregames\cpp\arkanoid\arkanoid\x64\debug\ball.obj
d:\documents\!schoolstuff\futuregames\cpp\arkanoid\arkanoid\x64\debug\main.obj
d:\documents\!schoolstuff\futuregames\cpp\arkanoid\arkanoid\x64\debug\collisioncomponent.obj
d:\documents\!schoolstuff\futuregames\cpp\arkanoid\arkanoid\x64\debug\brick.obj
d:\documents\!schoolstuff\futuregames\cpp\arkanoid\arkanoid\x64\debug\input.obj
d:\documents\!schoolstuff\futuregames\cpp\arkanoid\arkanoid\x64\debug\collision.obj
d:\documents\!schoolstuff\futuregames\cpp\arkanoid\x64\debug\arkanoid.pdb
d:\documents\!schoolstuff\futuregames\cpp\arkanoid\arkanoid\x64\debug\arkanoid.tlog\cl.command.1.tlog
d:\documents\!schoolstuff\futuregames\cpp\arkanoid\arkanoid\x64\debug\arkanoid.tlog\cl.read.1.tlog
d:\documents\!schoolstuff\futuregames\cpp\arkanoid\arkanoid\x64\debug\arkanoid.tlog\cl.write.1.tlog
d:\documents\!schoolstuff\futuregames\cpp\arkanoid\arkanoid\x64\debug\arkanoid.tlog\link-cvtres.read.1.tlog
d:\documents\!schoolstuff\futuregames\cpp\arkanoid\arkanoid\x64\debug\arkanoid.tlog\link-cvtres.write.1.tlog
d:\documents\!schoolstuff\futuregames\cpp\arkanoid\arkanoid\x64\debug\arkanoid.tlog\link-rc.read.1.tlog
d:\documents\!schoolstuff\futuregames\cpp\arkanoid\arkanoid\x64\debug\arkanoid.tlog\link-rc.write.1.tlog
d:\documents\!schoolstuff\futuregames\cpp\arkanoid\arkanoid\x64\debug\arkanoid.tlog\link.31684-cvtres.read.1.tlog
d:\documents\!schoolstuff\futuregames\cpp\arkanoid\arkanoid\x64\debug\arkanoid.tlog\link.31684-cvtres.write.1.tlog
d:\documents\!schoolstuff\futuregames\cpp\arkanoid\arkanoid\x64\debug\arkanoid.tlog\link.31684-rc.read.1.tlog
d:\documents\!schoolstuff\futuregames\cpp\arkanoid\arkanoid\x64\debug\arkanoid.tlog\link.31684-rc.write.1.tlog
d:\documents\!schoolstuff\futuregames\cpp\arkanoid\arkanoid\x64\debug\arkanoid.tlog\link.31684.read.1.tlog
d:\documents\!schoolstuff\futuregames\cpp\arkanoid\arkanoid\x64\debug\arkanoid.tlog\link.31684.read.2.tlog
d:\documents\!schoolstuff\futuregames\cpp\arkanoid\arkanoid\x64\debug\arkanoid.tlog\link.31684.write.1.tlog
d:\documents\!schoolstuff\futuregames\cpp\arkanoid\arkanoid\x64\debug\arkanoid.tlog\link.command.1.tlog
d:\documents\!schoolstuff\futuregames\cpp\arkanoid\arkanoid\x64\debug\arkanoid.tlog\link.read.1.tlog
d:\documents\!schoolstuff\futuregames\cpp\arkanoid\arkanoid\x64\debug\arkanoid.tlog\link.read.2.tlog
d:\documents\!schoolstuff\futuregames\cpp\arkanoid\arkanoid\x64\debug\arkanoid.tlog\link.write.1.tlog
